<?xml version="1.0" encoding="UTF-8"?>
<!-- Generated by org.testng.reporters.JUnitReportReporter -->
<testsuite hostname="LAPTOP-94V3K8RC" failures="0" tests="1" name="testCases.TC1_HomePageVerification" time="0.197" errors="0" timestamp="2021-06-10T23:35:44 IST" skipped="0">
  <testcase classname="testCases.TC1_HomePageVerification" name="verifyHomePage" time="0.197"/>
  <system-out/>
</testsuite> <!-- testCases.TC1_HomePageVerification -->
