<?xml version="1.0" encoding="UTF-8"?>
<!-- Generated by org.testng.reporters.JUnitReportReporter -->
<testsuite hostname="LAPTOP-94V3K8RC" failures="0" tests="1" name="testCases.Annotations" time="0.014" errors="0" timestamp="2021-06-07T08:58:54 IST" skipped="0">
  <testcase classname="testCases.Annotations" name="f" time="0.014"/>
  <system-out/>
</testsuite> <!-- testCases.Annotations -->
