<?xml version="1.0" encoding="UTF-8"?>
<!-- Generated by org.testng.reporters.JUnitReportReporter -->
<testsuite skipped="0" hostname="LAPTOP-94V3K8RC" name="testCases.TC2_ListFlights" tests="4" failures="0" timestamp="2021-06-25T22:18:56 IST" time="26.605" errors="0">
  <testcase name="userClickSearch" time="16.234" classname="testCases.TC2_ListFlights"/>
  <system-out/>
  <testcase name="userVerifyFlightsListed" time="0.579" classname="testCases.TC2_ListFlights"/>
  <system-out/>
  <testcase name="userSelectTravelType" time="2.775" classname="testCases.TC2_ListFlights"/>
  <system-out/>
  <testcase name="userEntersTraveDetails" time="7.017" classname="testCases.TC2_ListFlights"/>
  <system-out/>
</testsuite> <!-- testCases.TC2_ListFlights -->
